<?xml version="1.0" encoding="UTF-8"?>
<testsuite name="ru.lesson2.PointTest" tests="1" skipped="0" failures="0" errors="0" timestamp="2023-03-10T09:39:53" hostname="THP-HP" time="0.006">
  <properties/>
  <testcase name="testDistance" classname="ru.lesson2.PointTest" time="0.006"/>
  <system-out><![CDATA[]]></system-out>
  <system-err><![CDATA[]]></system-err>
</testsuite>
