<?xml version="1.0" encoding="UTF-8"?>
<testsuite name="ru.lesson3.EquationTests" tests="6" skipped="0" failures="0" errors="0" timestamp="2023-03-11T12:42:44" hostname="DPC" time="0.012">
  <properties/>
  <testcase name="test0" classname="ru.lesson3.EquationTests" time="0.005"/>
  <testcase name="test1" classname="ru.lesson3.EquationTests" time="0.0"/>
  <testcase name="test2" classname="ru.lesson3.EquationTests" time="0.0"/>
  <testcase name="test3" classname="ru.lesson3.EquationTests" time="0.0"/>
  <testcase name="test4" classname="ru.lesson3.EquationTests" time="0.001"/>
  <testcase name="testZ" classname="ru.lesson3.EquationTests" time="0.0"/>
  <system-out><![CDATA[]]></system-out>
  <system-err><![CDATA[]]></system-err>
</testsuite>
