<?xml version="1.0" encoding="UTF-8"?>
<testsuite name="ru.lession4.PrimeTests" tests="2" skipped="0" failures="0" errors="0" timestamp="2023-03-12T11:47:00" hostname="DPC" time="0.013">
  <properties/>
  <testcase name="testNonPrime" classname="ru.lession4.PrimeTests" time="0.006"/>
  <testcase name="testPrime" classname="ru.lession4.PrimeTests" time="0.002"/>
  <system-out><![CDATA[]]></system-out>
  <system-err><![CDATA[]]></system-err>
</testsuite>
