<?xml version="1.0" encoding="UTF-8"?>
<testsuite name="ru.lesson2.tests.GroupCreatingTests" tests="1" skipped="0" failures="0" errors="0" timestamp="2023-03-11T09:31:06" hostname="DPC" time="1.047">
  <properties/>
  <testcase name="testAB" classname="ru.lesson2.tests.GroupCreatingTests" time="1.047"/>
  <system-out><![CDATA[]]></system-out>
  <system-err><![CDATA[log4j:WARN No appenders could be found for logger (io.netty.util.internal.logging.InternalLoggerFactory).
log4j:WARN Please initialize the log4j system properly.
log4j:WARN See http://logging.apache.org/log4j/1.2/faq.html#noconfig for more info.
1678527063872	geckodriver	INFO	Listening on 127.0.0.1:9160
1678527064111	mozrunner::runner	INFO	Running command: "C:\\Program Files\\Mozilla Firefox\\firefox.exe" "--marionette" "--remote-debugging-port" "25900" "--remote ... p://localhost:25900/,http://[::1]:25900/" "-no-remote" "-profile" "C:\\Users\\D\\AppData\\Local\\Temp\\rust_mozprofileFVaFmc"
console.warn: services.settings: Ignoring preference override of remote settings server
console.warn: services.settings: Allow by setting MOZ_REMOTE_SETTINGS_DEVTOOLS=1 in the environment
1678527064419	Marionette	INFO	Marionette enabled
Dynamically enable window occlusion 0
1678527064425	Marionette	INFO	Listening on port 65225
Read port: 65225
WebDriver BiDi listening on ws://127.0.0.1:25900
1678527064534	RemoteAgent	WARN	TLS certificate errors will be ignored for this session
console.warn: SearchSettings: "get: No settings file exists, new profile?" (new NotFoundError("Could not open the file at C:\\Users\\D\\AppData\\Local\\Temp\\rust_mozprofileFVaFmc\\search.json.mozlz4", (void 0)))
DevTools listening on ws://127.0.0.1:25900/devtools/browser/9acb73cc-c661-4b02-b094-ddb56cdfcddd
console.warn: LoginRecipes: "Falling back to a synchronous message for: http://localhost."
console.warn: LoginRecipes: "Falling back to a synchronous message for: http://localhost."
1678527067042	Marionette	WARN	Ignoring event 'DOMContentLoaded' because document has an invalid readyState of 'complete'.
]]></system-err>
</testsuite>
