<?xml version="1.0" encoding="UTF-8"?>
<testsuite name="ru.lesson2.tests.GroupModifTests" tests="1" skipped="0" failures="0" errors="0" timestamp="2023-03-11T09:43:54" hostname="DPC" time="1.328">
  <properties/>
  <testcase name="tetsGroupModif" classname="ru.lesson2.tests.GroupModifTests" time="1.328"/>
  <system-out><![CDATA[]]></system-out>
  <system-err><![CDATA[log4j:WARN No appenders could be found for logger (io.netty.util.internal.logging.InternalLoggerFactory).
log4j:WARN Please initialize the log4j system properly.
log4j:WARN See http://logging.apache.org/log4j/1.2/faq.html#noconfig for more info.
1678527831077	geckodriver	INFO	Listening on 127.0.0.1:40083
1678527831312	mozrunner::runner	INFO	Running command: "C:\\Program Files\\Mozilla Firefox\\firefox.exe" "--marionette" "--remote-debugging-port" "4488" "--remote- ... ttp://localhost:4488/,http://[::1]:4488/" "-no-remote" "-profile" "C:\\Users\\D\\AppData\\Local\\Temp\\rust_mozprofileY2xDsv"
console.warn: services.settings: Ignoring preference override of remote settings server
console.warn: services.settings: Allow by setting MOZ_REMOTE_SETTINGS_DEVTOOLS=1 in the environment
1678527831609	Marionette	INFO	Marionette enabled
Dynamically enable window occlusion 0
1678527831614	Marionette	INFO	Listening on port 49452
Read port: 49452
WebDriver BiDi listening on ws://127.0.0.1:4488
1678527831721	RemoteAgent	WARN	TLS certificate errors will be ignored for this session
console.warn: SearchSettings: "get: No settings file exists, new profile?" (new NotFoundError("Could not open the file at C:\\Users\\D\\AppData\\Local\\Temp\\rust_mozprofileY2xDsv\\search.json.mozlz4", (void 0)))
DevTools listening on ws://127.0.0.1:4488/devtools/browser/c6dbb634-ca4c-438f-9b28-93b1945446a1
console.warn: LoginRecipes: "Falling back to a synchronous message for: http://localhost."
console.warn: LoginRecipes: "Falling back to a synchronous message for: http://localhost."
1678527834283	Marionette	WARN	Ignoring event 'DOMContentLoaded' because document has an invalid readyState of 'complete'.
]]></system-err>
</testsuite>
