<?xml version="1.0" encoding="UTF-8"?>
<testsuite name="ru.lesson2.tests.AddressCreatingTesting" tests="1" skipped="0" failures="0" errors="0" timestamp="2023-03-11T11:34:46" hostname="DPC" time="1.931">
  <properties/>
  <testcase name="testAddressCreating" classname="ru.lesson2.tests.AddressCreatingTesting" time="1.931"/>
  <system-out><![CDATA[]]></system-out>
  <system-err><![CDATA[log4j:WARN No appenders could be found for logger (io.netty.util.internal.logging.InternalLoggerFactory).
log4j:WARN Please initialize the log4j system properly.
log4j:WARN See http://logging.apache.org/log4j/1.2/faq.html#noconfig for more info.
1678534483717	geckodriver	INFO	Listening on 127.0.0.1:19106
1678534483968	mozrunner::runner	INFO	Running command: "C:\\Program Files\\Mozilla Firefox\\firefox.exe" "--marionette" "--remote-debugging-port" "37252" "--remote ... p://localhost:37252/,http://[::1]:37252/" "-no-remote" "-profile" "C:\\Users\\D\\AppData\\Local\\Temp\\rust_mozprofilevSouqO"
console.warn: services.settings: Ignoring preference override of remote settings server
console.warn: services.settings: Allow by setting MOZ_REMOTE_SETTINGS_DEVTOOLS=1 in the environment
1678534484287	Marionette	INFO	Marionette enabled
Dynamically enable window occlusion 0
1678534484293	Marionette	INFO	Listening on port 57076
Read port: 57076
WebDriver BiDi listening on ws://127.0.0.1:37252
1678534484418	RemoteAgent	WARN	TLS certificate errors will be ignored for this session
console.warn: SearchSettings: "get: No settings file exists, new profile?" (new NotFoundError("Could not open the file at C:\\Users\\D\\AppData\\Local\\Temp\\rust_mozprofilevSouqO\\search.json.mozlz4", (void 0)))
DevTools listening on ws://127.0.0.1:37252/devtools/browser/a7933e8b-cddb-41b5-bf5c-ac3cd9a3285a
console.warn: LoginRecipes: "Falling back to a synchronous message for: http://localhost."
console.warn: LoginRecipes: "Falling back to a synchronous message for: http://localhost."
1678534487068	Marionette	WARN	Ignoring event 'DOMContentLoaded' because document has an invalid readyState of 'complete'.
]]></system-err>
</testsuite>
